<?xml version="1.0" encoding="UTF-8"?>
<testsuite name="com.shmtu.proxy.KeyAggregateByFIBE.KacByFIBETest" tests="1" skipped="0" failures="0" errors="0" timestamp="2022-03-01T13:02:29" hostname="DESKTOP-3MPDNMS" time="14.635">
  <properties/>
  <testcase name="test()" classname="com.shmtu.proxy.KeyAggregateByFIBE.KacByFIBETest" time="14.635"/>
  <system-out><![CDATA[系统解密门限为：5
明文消息:{x=5421019451925269754938192687717153445656206385550412547983135320182945729531752894376579808401993593216351273686694392504960375566068504735712244040442310,y=7287861110566177788766560212674351134016000694436707128723710937530390042397390662140095122306529090132348820457283221240544441196240931865437772806203092}
解密结果:{x=4835551510408858640580071261091354310619382025178289782350626833840043306587633894789183818759287113700230153552408141488256748596845154747268106504547684,y=1445072203897020070262522178755991031784960840590061267801085150708907047087560408428117150042856632474216021313701620033046398114407199505926477236889293}
]]></system-out>
  <system-err><![CDATA[]]></system-err>
</testsuite>
