<?xml version="1.0" encoding="UTF-8"?>
<testsuite name="com.shmtu.proxy.KeyAggregateByFIBE.KacByFIBETest" tests="1" skipped="0" failures="0" errors="0" timestamp="2022-03-05T15:25:17" hostname="DESKTOP-3MPDNMS" time="15.144">
  <properties/>
  <testcase name="test()" classname="com.shmtu.proxy.KeyAggregateByFIBE.KacByFIBETest" time="15.144"/>
  <system-out><![CDATA[系统解密门限为：5
明文消息:{x=4262201537610271263154590727541938423604998416633518487017402091265197913680032770944978078124870945099320774616093629482753301019797209806962497261863808,y=4753147315867126345492707313290069562963474255359023896950475939541602639508332327343621154130724959314224169739758346615178641259701053239221074311893103}
解密结果:{x=4262201537610271263154590727541938423604998416633518487017402091265197913680032770944978078124870945099320774616093629482753301019797209806962497261863808,y=4753147315867126345492707313290069562963474255359023896950475939541602639508332327343621154130724959314224169739758346615178641259701053239221074311893103}
成功解密！
]]></system-out>
  <system-err><![CDATA[]]></system-err>
</testsuite>
